{"/home/armin/WebstormProjects/einzelnd/modules/css.js":{"path":"/home/armin/WebstormProjects/einzelnd/modules/css.js","s":{"1":1,"2":1,"3":1,"4":1,"5":1,"6":8,"7":8,"8":8,"9":8,"10":8,"11":8,"12":8,"13":8,"14":8,"15":5,"16":5,"17":5,"18":5,"19":5,"20":5,"21":8,"22":8,"23":1,"24":4,"25":4,"26":4,"27":4,"28":3,"29":3,"30":3,"31":3,"32":4,"33":4,"34":3,"35":3,"36":3,"37":3,"38":4,"39":4,"40":4,"41":4,"42":1,"43":4},"b":{},"f":{"1":8,"2":8,"3":8,"4":5,"5":5,"6":8,"7":4,"8":4,"9":3,"10":3,"11":3,"12":4,"13":4},"fnMap":{"1":{"name":"inlineCSS","line":12,"loc":{"start":{"line":12,"column":0},"end":{"line":12,"column":27}}},"2":{"name":"(anonymous_2)","line":14,"loc":{"start":{"line":14,"column":24},"end":{"line":14,"column":42}}},"3":{"name":"(anonymous_3)","line":17,"loc":{"start":{"line":17,"column":18},"end":{"line":17,"column":37}}},"4":{"name":"(anonymous_4)","line":26,"loc":{"start":{"line":26,"column":38},"end":{"line":26,"column":54}}},"5":{"name":"(anonymous_5)","line":32,"loc":{"start":{"line":32,"column":30},"end":{"line":32,"column":50}}},"6":{"name":"(anonymous_6)","line":38,"loc":{"start":{"line":38,"column":26},"end":{"line":38,"column":37}}},"7":{"name":"inlineAllCSS","line":52,"loc":{"start":{"line":52,"column":0},"end":{"line":52,"column":37}}},"8":{"name":"(anonymous_8)","line":54,"loc":{"start":{"line":54,"column":24},"end":{"line":54,"column":42}}},"9":{"name":"(anonymous_9)","line":59,"loc":{"start":{"line":59,"column":23},"end":{"line":59,"column":34}}},"10":{"name":"(anonymous_10)","line":70,"loc":{"start":{"line":70,"column":32},"end":{"line":70,"column":47}}},"11":{"name":"(anonymous_11)","line":75,"loc":{"start":{"line":75,"column":22},"end":{"line":75,"column":40}}},"12":{"name":"(anonymous_12)","line":82,"loc":{"start":{"line":82,"column":18},"end":{"line":82,"column":29}}},"13":{"name":"(anonymous_13)","line":103,"loc":{"start":{"line":103,"column":23},"end":{"line":103,"column":47}}}},"statementMap":{"1":{"start":{"line":7,"column":0},"end":{"line":7,"column":25}},"2":{"start":{"line":8,"column":0},"end":{"line":8,"column":35}},"3":{"start":{"line":9,"column":0},"end":{"line":9,"column":33}},"4":{"start":{"line":10,"column":0},"end":{"line":10,"column":38}},"5":{"start":{"line":12,"column":0},"end":{"line":49,"column":1}},"6":{"start":{"line":14,"column":4},"end":{"line":47,"column":7}},"7":{"start":{"line":16,"column":8},"end":{"line":45,"column":15}},"8":{"start":{"line":19,"column":16},"end":{"line":19,"column":69}},"9":{"start":{"line":20,"column":16},"end":{"line":20,"column":72}},"10":{"start":{"line":21,"column":16},"end":{"line":21,"column":40}},"11":{"start":{"line":22,"column":16},"end":{"line":22,"column":79}},"12":{"start":{"line":23,"column":16},"end":{"line":23,"column":51}},"13":{"start":{"line":24,"column":16},"end":{"line":24,"column":40}},"14":{"start":{"line":26,"column":16},"end":{"line":43,"column":23}},"15":{"start":{"line":28,"column":20},"end":{"line":28,"column":69}},"16":{"start":{"line":29,"column":20},"end":{"line":29,"column":65}},"17":{"start":{"line":30,"column":20},"end":{"line":30,"column":45}},"18":{"start":{"line":31,"column":20},"end":{"line":35,"column":27}},"19":{"start":{"line":33,"column":28},"end":{"line":33,"column":69}},"20":{"start":{"line":34,"column":28},"end":{"line":34,"column":56}},"21":{"start":{"line":40,"column":24},"end":{"line":40,"column":85}},"22":{"start":{"line":41,"column":24},"end":{"line":41,"column":46}},"23":{"start":{"line":52,"column":0},"end":{"line":92,"column":1}},"24":{"start":{"line":54,"column":4},"end":{"line":91,"column":7}},"25":{"start":{"line":56,"column":8},"end":{"line":56,"column":35}},"26":{"start":{"line":57,"column":8},"end":{"line":57,"column":27}},"27":{"start":{"line":59,"column":8},"end":{"line":66,"column":11}},"28":{"start":{"line":61,"column":12},"end":{"line":61,"column":45}},"29":{"start":{"line":62,"column":12},"end":{"line":62,"column":66}},"30":{"start":{"line":63,"column":12},"end":{"line":63,"column":44}},"31":{"start":{"line":64,"column":12},"end":{"line":64,"column":33}},"32":{"start":{"line":68,"column":8},"end":{"line":68,"column":27}},"33":{"start":{"line":70,"column":8},"end":{"line":89,"column":15}},"34":{"start":{"line":72,"column":12},"end":{"line":72,"column":42}},"35":{"start":{"line":74,"column":12},"end":{"line":80,"column":19}},"36":{"start":{"line":77,"column":20},"end":{"line":77,"column":56}},"37":{"start":{"line":78,"column":20},"end":{"line":78,"column":48}},"38":{"start":{"line":84,"column":16},"end":{"line":84,"column":42}},"39":{"start":{"line":85,"column":16},"end":{"line":85,"column":39}},"40":{"start":{"line":86,"column":16},"end":{"line":86,"column":73}},"41":{"start":{"line":87,"column":16},"end":{"line":87,"column":34}},"42":{"start":{"line":103,"column":0},"end":{"line":107,"column":2}},"43":{"start":{"line":105,"column":4},"end":{"line":105,"column":39}}},"branchMap":{}},"/home/armin/WebstormProjects/einzelnd/modules/helpers.js":{"path":"/home/armin/WebstormProjects/einzelnd/modules/helpers.js","s":{"1":1,"2":1,"3":1,"4":27,"5":27,"6":27,"7":1,"8":1,"9":26,"10":26,"11":26,"12":1,"13":9,"14":9,"15":9,"16":8,"17":9,"18":1,"19":0,"20":0},"b":{"1":[1,26]},"f":{"1":27,"2":27,"3":27,"4":9,"5":0},"fnMap":{"1":{"name":"(anonymous_1)","line":12,"loc":{"start":{"line":12,"column":18},"end":{"line":12,"column":32}}},"2":{"name":"(anonymous_2)","line":14,"loc":{"start":{"line":14,"column":24},"end":{"line":14,"column":50}}},"3":{"name":"(anonymous_3)","line":15,"loc":{"start":{"line":15,"column":50},"end":{"line":15,"column":83}}},"4":{"name":"(anonymous_4)","line":31,"loc":{"start":{"line":31,"column":21},"end":{"line":31,"column":45}}},"5":{"name":"(anonymous_5)","line":46,"loc":{"start":{"line":46,"column":21},"end":{"line":46,"column":38}}}},"statementMap":{"1":{"start":{"line":4,"column":0},"end":{"line":4,"column":35}},"2":{"start":{"line":5,"column":0},"end":{"line":5,"column":33}},"3":{"start":{"line":12,"column":0},"end":{"line":29,"column":2}},"4":{"start":{"line":14,"column":4},"end":{"line":27,"column":7}},"5":{"start":{"line":15,"column":8},"end":{"line":26,"column":11}},"6":{"start":{"line":17,"column":12},"end":{"line":25,"column":13}},"7":{"start":{"line":18,"column":16},"end":{"line":18,"column":47}},"8":{"start":{"line":19,"column":16},"end":{"line":19,"column":30}},"9":{"start":{"line":22,"column":16},"end":{"line":22,"column":63}},"10":{"start":{"line":23,"column":16},"end":{"line":23,"column":53}},"11":{"start":{"line":24,"column":16},"end":{"line":24,"column":58}},"12":{"start":{"line":31,"column":0},"end":{"line":44,"column":2}},"13":{"start":{"line":33,"column":4},"end":{"line":33,"column":21}},"14":{"start":{"line":34,"column":4},"end":{"line":34,"column":14}},"15":{"start":{"line":36,"column":4},"end":{"line":40,"column":5}},"16":{"start":{"line":38,"column":8},"end":{"line":38,"column":31}},"17":{"start":{"line":42,"column":4},"end":{"line":42,"column":19}},"18":{"start":{"line":46,"column":0},"end":{"line":51,"column":2}},"19":{"start":{"line":48,"column":4},"end":{"line":48,"column":35}},"20":{"start":{"line":49,"column":4},"end":{"line":49,"column":48}}},"branchMap":{"1":{"line":17,"type":"if","locations":[{"start":{"line":17,"column":12},"end":{"line":17,"column":12}},{"start":{"line":17,"column":12},"end":{"line":17,"column":12}}]}}},"/home/armin/WebstormProjects/einzelnd/modules/get.js":{"path":"/home/armin/WebstormProjects/einzelnd/modules/get.js","s":{"1":1,"2":1,"3":1,"4":1,"5":1,"6":1,"7":1,"8":3,"9":3,"10":3,"11":3,"12":3,"13":3,"14":3,"15":1,"16":3,"17":3,"18":3,"19":3,"20":3,"21":3,"22":3,"23":1,"24":3},"b":{"1":[1,2]},"f":{"1":3,"2":3,"3":3,"4":3,"5":3,"6":3,"7":3,"8":3},"fnMap":{"1":{"name":"getPage","line":21,"loc":{"start":{"line":21,"column":0},"end":{"line":21,"column":25}}},"2":{"name":"(anonymous_2)","line":25,"loc":{"start":{"line":25,"column":24},"end":{"line":25,"column":42}}},"3":{"name":"(anonymous_3)","line":43,"loc":{"start":{"line":43,"column":18},"end":{"line":43,"column":37}}},"4":{"name":"(anonymous_4)","line":48,"loc":{"start":{"line":48,"column":18},"end":{"line":48,"column":33}}},"5":{"name":"(anonymous_5)","line":53,"loc":{"start":{"line":53,"column":18},"end":{"line":53,"column":33}}},"6":{"name":"(anonymous_6)","line":58,"loc":{"start":{"line":58,"column":18},"end":{"line":58,"column":33}}},"7":{"name":"(anonymous_7)","line":63,"loc":{"start":{"line":63,"column":18},"end":{"line":63,"column":33}}},"8":{"name":"(anonymous_8)","line":73,"loc":{"start":{"line":73,"column":18},"end":{"line":73,"column":35}}}},"statementMap":{"1":{"start":{"line":7,"column":0},"end":{"line":7,"column":25}},"2":{"start":{"line":8,"column":0},"end":{"line":8,"column":35}},"3":{"start":{"line":9,"column":0},"end":{"line":9,"column":38}},"4":{"start":{"line":10,"column":0},"end":{"line":10,"column":27}},"5":{"start":{"line":11,"column":0},"end":{"line":11,"column":41}},"6":{"start":{"line":12,"column":0},"end":{"line":12,"column":34}},"7":{"start":{"line":21,"column":0},"end":{"line":71,"column":1}},"8":{"start":{"line":23,"column":4},"end":{"line":23,"column":48}},"9":{"start":{"line":25,"column":4},"end":{"line":69,"column":7}},"10":{"start":{"line":27,"column":8},"end":{"line":27,"column":39}},"11":{"start":{"line":28,"column":8},"end":{"line":28,"column":59}},"12":{"start":{"line":29,"column":8},"end":{"line":29,"column":44}},"13":{"start":{"line":32,"column":8},"end":{"line":32,"column":83}},"14":{"start":{"line":34,"column":8},"end":{"line":38,"column":9}},"15":{"start":{"line":36,"column":12},"end":{"line":36,"column":36}},"16":{"start":{"line":40,"column":8},"end":{"line":40,"column":30}},"17":{"start":{"line":42,"column":8},"end":{"line":67,"column":15}},"18":{"start":{"line":45,"column":16},"end":{"line":45,"column":63}},"19":{"start":{"line":50,"column":16},"end":{"line":50,"column":59}},"20":{"start":{"line":55,"column":16},"end":{"line":55,"column":56}},"21":{"start":{"line":60,"column":16},"end":{"line":60,"column":28}},"22":{"start":{"line":65,"column":16},"end":{"line":65,"column":59}},"23":{"start":{"line":73,"column":0},"end":{"line":77,"column":2}},"24":{"start":{"line":75,"column":4},"end":{"line":75,"column":27}}},"branchMap":{"1":{"line":34,"type":"if","locations":[{"start":{"line":34,"column":8},"end":{"line":34,"column":8}},{"start":{"line":34,"column":8},"end":{"line":34,"column":8}}]}}},"/home/armin/WebstormProjects/einzelnd/modules/scripttags.js":{"path":"/home/armin/WebstormProjects/einzelnd/modules/scripttags.js","s":{"1":1,"2":1,"3":1,"4":1,"5":1,"6":4,"7":4,"8":4,"9":4,"10":4,"11":3,"12":3,"13":3,"14":3,"15":4,"16":4,"17":4,"18":3,"19":3,"20":3,"21":3,"22":4,"23":4,"24":4,"25":4,"26":1,"27":4},"b":{"1":[3,1]},"f":{"1":4,"2":4,"3":4,"4":3,"5":3,"6":4,"7":4},"fnMap":{"1":{"name":"inlineScripts","line":13,"loc":{"start":{"line":13,"column":0},"end":{"line":13,"column":38}}},"2":{"name":"(anonymous_2)","line":15,"loc":{"start":{"line":15,"column":24},"end":{"line":15,"column":42}}},"3":{"name":"(anonymous_3)","line":20,"loc":{"start":{"line":20,"column":25},"end":{"line":20,"column":36}}},"4":{"name":"(anonymous_4)","line":37,"loc":{"start":{"line":37,"column":32},"end":{"line":37,"column":47}}},"5":{"name":"(anonymous_5)","line":42,"loc":{"start":{"line":42,"column":22},"end":{"line":42,"column":43}}},"6":{"name":"(anonymous_6)","line":49,"loc":{"start":{"line":49,"column":18},"end":{"line":49,"column":29}}},"7":{"name":"(anonymous_7)","line":61,"loc":{"start":{"line":61,"column":24},"end":{"line":61,"column":48}}}},"statementMap":{"1":{"start":{"line":7,"column":0},"end":{"line":7,"column":33}},"2":{"start":{"line":8,"column":0},"end":{"line":8,"column":25}},"3":{"start":{"line":9,"column":0},"end":{"line":9,"column":35}},"4":{"start":{"line":10,"column":0},"end":{"line":10,"column":38}},"5":{"start":{"line":13,"column":0},"end":{"line":59,"column":1}},"6":{"start":{"line":15,"column":4},"end":{"line":58,"column":7}},"7":{"start":{"line":17,"column":8},"end":{"line":17,"column":35}},"8":{"start":{"line":18,"column":8},"end":{"line":18,"column":27}},"9":{"start":{"line":20,"column":8},"end":{"line":31,"column":11}},"10":{"start":{"line":22,"column":12},"end":{"line":29,"column":13}},"11":{"start":{"line":24,"column":16},"end":{"line":24,"column":49}},"12":{"start":{"line":25,"column":16},"end":{"line":25,"column":69}},"13":{"start":{"line":26,"column":16},"end":{"line":26,"column":48}},"14":{"start":{"line":27,"column":16},"end":{"line":27,"column":37}},"15":{"start":{"line":33,"column":8},"end":{"line":33,"column":51}},"16":{"start":{"line":35,"column":8},"end":{"line":35,"column":30}},"17":{"start":{"line":37,"column":8},"end":{"line":56,"column":15}},"18":{"start":{"line":39,"column":12},"end":{"line":39,"column":44}},"19":{"start":{"line":41,"column":12},"end":{"line":47,"column":19}},"20":{"start":{"line":44,"column":20},"end":{"line":44,"column":67}},"21":{"start":{"line":45,"column":20},"end":{"line":45,"column":59}},"22":{"start":{"line":51,"column":16},"end":{"line":51,"column":45}},"23":{"start":{"line":52,"column":16},"end":{"line":52,"column":42}},"24":{"start":{"line":53,"column":16},"end":{"line":53,"column":78}},"25":{"start":{"line":54,"column":16},"end":{"line":54,"column":34}},"26":{"start":{"line":61,"column":0},"end":{"line":63,"column":2}},"27":{"start":{"line":62,"column":4},"end":{"line":62,"column":40}}},"branchMap":{"1":{"line":22,"type":"if","locations":[{"start":{"line":22,"column":12},"end":{"line":22,"column":12}},{"start":{"line":22,"column":12},"end":{"line":22,"column":12}}]}}},"/home/armin/WebstormProjects/einzelnd/modules/media.js":{"path":"/home/armin/WebstormProjects/einzelnd/modules/media.js","s":{"1":1,"2":1,"3":1,"4":1,"5":1,"6":1,"7":1,"8":5,"9":5,"10":5,"11":5,"12":11,"13":10,"14":10,"15":10,"16":10,"17":5,"18":5,"19":10,"20":10,"21":10,"22":10,"23":10,"24":10,"25":82,"26":10,"27":10,"28":10,"29":5,"30":1,"31":5},"b":{"1":[10,1]},"f":{"1":5,"2":5,"3":11,"4":10,"5":10,"6":82,"7":5,"8":5},"fnMap":{"1":{"name":"processMedia","line":14,"loc":{"start":{"line":14,"column":0},"end":{"line":14,"column":37}}},"2":{"name":"(anonymous_2)","line":16,"loc":{"start":{"line":16,"column":24},"end":{"line":16,"column":42}}},"3":{"name":"(anonymous_3)","line":21,"loc":{"start":{"line":21,"column":22},"end":{"line":21,"column":33}}},"4":{"name":"(anonymous_4)","line":36,"loc":{"start":{"line":36,"column":32},"end":{"line":36,"column":47}}},"5":{"name":"(anonymous_5)","line":41,"loc":{"start":{"line":41,"column":22},"end":{"line":41,"column":41}}},"6":{"name":"(anonymous_6)","line":48,"loc":{"start":{"line":48,"column":46},"end":{"line":48,"column":57}}},"7":{"name":"(anonymous_7)","line":61,"loc":{"start":{"line":61,"column":18},"end":{"line":61,"column":29}}},"8":{"name":"(anonymous_8)","line":70,"loc":{"start":{"line":70,"column":23},"end":{"line":70,"column":47}}}},"statementMap":{"1":{"start":{"line":7,"column":0},"end":{"line":7,"column":33}},"2":{"start":{"line":8,"column":0},"end":{"line":8,"column":25}},"3":{"start":{"line":9,"column":0},"end":{"line":9,"column":35}},"4":{"start":{"line":10,"column":0},"end":{"line":10,"column":38}},"5":{"start":{"line":11,"column":0},"end":{"line":11,"column":27}},"6":{"start":{"line":12,"column":0},"end":{"line":12,"column":27}},"7":{"start":{"line":14,"column":0},"end":{"line":68,"column":1}},"8":{"start":{"line":16,"column":4},"end":{"line":67,"column":7}},"9":{"start":{"line":18,"column":8},"end":{"line":18,"column":35}},"10":{"start":{"line":19,"column":8},"end":{"line":19,"column":27}},"11":{"start":{"line":21,"column":8},"end":{"line":32,"column":11}},"12":{"start":{"line":23,"column":12},"end":{"line":30,"column":13}},"13":{"start":{"line":25,"column":16},"end":{"line":25,"column":49}},"14":{"start":{"line":26,"column":16},"end":{"line":26,"column":69}},"15":{"start":{"line":27,"column":16},"end":{"line":27,"column":48}},"16":{"start":{"line":28,"column":16},"end":{"line":28,"column":37}},"17":{"start":{"line":34,"column":8},"end":{"line":34,"column":50}},"18":{"start":{"line":36,"column":8},"end":{"line":65,"column":15}},"19":{"start":{"line":38,"column":12},"end":{"line":38,"column":43}},"20":{"start":{"line":40,"column":12},"end":{"line":59,"column":19}},"21":{"start":{"line":43,"column":20},"end":{"line":43,"column":92}},"22":{"start":{"line":44,"column":20},"end":{"line":44,"column":98}},"23":{"start":{"line":46,"column":20},"end":{"line":46,"column":55}},"24":{"start":{"line":48,"column":20},"end":{"line":51,"column":23}},"25":{"start":{"line":50,"column":24},"end":{"line":50,"column":82}},"26":{"start":{"line":54,"column":20},"end":{"line":54,"column":50}},"27":{"start":{"line":55,"column":20},"end":{"line":55,"column":45}},"28":{"start":{"line":57,"column":20},"end":{"line":57,"column":71}},"29":{"start":{"line":63,"column":16},"end":{"line":63,"column":34}},"30":{"start":{"line":70,"column":0},"end":{"line":74,"column":2}},"31":{"start":{"line":72,"column":4},"end":{"line":72,"column":39}}},"branchMap":{"1":{"line":23,"type":"if","locations":[{"start":{"line":23,"column":12},"end":{"line":23,"column":12}},{"start":{"line":23,"column":12},"end":{"line":23,"column":12}}]}}}}