TN:
SF:/home/armin/WebstormProjects/einzelnd/modules/css.js
FN:12,inlineCSS
FN:14,(anonymous_2)
FN:17,(anonymous_3)
FN:26,(anonymous_4)
FN:32,(anonymous_5)
FN:38,(anonymous_6)
FN:52,inlineAllCSS
FN:54,(anonymous_8)
FN:59,(anonymous_9)
FN:70,(anonymous_10)
FN:75,(anonymous_11)
FN:82,(anonymous_12)
FN:103,(anonymous_13)
FNF:13
FNH:13
FNDA:8,inlineCSS
FNDA:8,(anonymous_2)
FNDA:8,(anonymous_3)
FNDA:5,(anonymous_4)
FNDA:5,(anonymous_5)
FNDA:8,(anonymous_6)
FNDA:4,inlineAllCSS
FNDA:4,(anonymous_8)
FNDA:3,(anonymous_9)
FNDA:3,(anonymous_10)
FNDA:3,(anonymous_11)
FNDA:4,(anonymous_12)
FNDA:4,(anonymous_13)
DA:7,1
DA:8,1
DA:9,1
DA:10,1
DA:12,1
DA:14,8
DA:16,8
DA:19,8
DA:20,8
DA:21,8
DA:22,8
DA:23,8
DA:24,8
DA:26,8
DA:28,5
DA:29,5
DA:30,5
DA:31,5
DA:33,5
DA:34,5
DA:40,8
DA:41,8
DA:52,1
DA:54,4
DA:56,4
DA:57,4
DA:59,4
DA:61,3
DA:62,3
DA:63,3
DA:64,3
DA:68,4
DA:70,4
DA:72,3
DA:74,3
DA:77,3
DA:78,3
DA:84,4
DA:85,4
DA:86,4
DA:87,4
DA:103,1
DA:105,4
LF:43
LH:43
BRF:0
BRH:0
end_of_record
TN:
SF:/home/armin/WebstormProjects/einzelnd/modules/helpers.js
FN:12,(anonymous_1)
FN:14,(anonymous_2)
FN:15,(anonymous_3)
FN:31,(anonymous_4)
FNF:4
FNH:4
FNDA:27,(anonymous_1)
FNDA:27,(anonymous_2)
FNDA:27,(anonymous_3)
FNDA:9,(anonymous_4)
DA:4,1
DA:5,1
DA:12,1
DA:14,27
DA:15,27
DA:17,27
DA:18,1
DA:19,1
DA:22,26
DA:23,26
DA:24,26
DA:31,1
DA:33,9
DA:34,9
DA:36,9
DA:38,8
DA:42,9
LF:17
LH:17
BRDA:17,1,0,1
BRDA:17,1,1,26
BRF:2
BRH:2
end_of_record
TN:
SF:/home/armin/WebstormProjects/einzelnd/modules/get.js
FN:22,getPage
FN:26,(anonymous_2)
FN:44,(anonymous_3)
FN:49,(anonymous_4)
FN:54,(anonymous_5)
FN:59,(anonymous_6)
FN:73,(anonymous_7)
FN:83,(anonymous_8)
FNF:8
FNH:8
FNDA:3,getPage
FNDA:3,(anonymous_2)
FNDA:3,(anonymous_3)
FNDA:3,(anonymous_4)
FNDA:3,(anonymous_5)
FNDA:3,(anonymous_6)
FNDA:3,(anonymous_7)
FNDA:3,(anonymous_8)
DA:7,1
DA:8,1
DA:9,1
DA:10,1
DA:11,1
DA:12,1
DA:13,1
DA:22,1
DA:24,3
DA:26,3
DA:28,3
DA:29,3
DA:30,3
DA:33,3
DA:35,3
DA:37,1
DA:41,3
DA:43,3
DA:46,3
DA:51,3
DA:56,3
DA:61,3
DA:63,0
DA:64,0
DA:69,3
DA:75,3
DA:83,1
DA:85,3
LF:28
LH:26
BRDA:35,1,0,1
BRDA:35,1,1,2
BRDA:61,2,0,0
BRDA:61,2,1,3
BRF:4
BRH:3
end_of_record
TN:
SF:/home/armin/WebstormProjects/einzelnd/modules/scripttags.js
FN:13,inlineScripts
FN:15,(anonymous_2)
FN:20,(anonymous_3)
FN:37,(anonymous_4)
FN:42,(anonymous_5)
FN:49,(anonymous_6)
FN:61,(anonymous_7)
FNF:7
FNH:7
FNDA:4,inlineScripts
FNDA:4,(anonymous_2)
FNDA:4,(anonymous_3)
FNDA:3,(anonymous_4)
FNDA:3,(anonymous_5)
FNDA:4,(anonymous_6)
FNDA:4,(anonymous_7)
DA:7,1
DA:8,1
DA:9,1
DA:10,1
DA:13,1
DA:15,4
DA:17,4
DA:18,4
DA:20,4
DA:22,4
DA:24,3
DA:25,3
DA:26,3
DA:27,3
DA:33,4
DA:35,4
DA:37,4
DA:39,3
DA:41,3
DA:44,3
DA:45,3
DA:51,4
DA:52,4
DA:53,4
DA:54,4
DA:61,1
DA:62,4
LF:27
LH:27
BRDA:22,1,0,3
BRDA:22,1,1,1
BRF:2
BRH:2
end_of_record
TN:
SF:/home/armin/WebstormProjects/einzelnd/modules/media.js
FN:14,processMedia
FN:16,(anonymous_2)
FN:21,(anonymous_3)
FN:36,(anonymous_4)
FN:41,(anonymous_5)
FN:48,(anonymous_6)
FN:61,(anonymous_7)
FN:70,(anonymous_8)
FNF:8
FNH:8
FNDA:5,processMedia
FNDA:5,(anonymous_2)
FNDA:11,(anonymous_3)
FNDA:10,(anonymous_4)
FNDA:10,(anonymous_5)
FNDA:82,(anonymous_6)
FNDA:5,(anonymous_7)
FNDA:5,(anonymous_8)
DA:7,1
DA:8,1
DA:9,1
DA:10,1
DA:11,1
DA:12,1
DA:14,1
DA:16,5
DA:18,5
DA:19,5
DA:21,5
DA:23,11
DA:25,10
DA:26,10
DA:27,10
DA:28,10
DA:34,5
DA:36,5
DA:38,10
DA:40,10
DA:43,10
DA:44,10
DA:46,10
DA:48,10
DA:50,82
DA:54,10
DA:55,10
DA:57,10
DA:63,5
DA:70,1
DA:72,5
LF:31
LH:31
BRDA:23,1,0,10
BRDA:23,1,1,1
BRF:2
BRH:2
end_of_record
TN:
SF:/home/armin/WebstormProjects/einzelnd/modules/anchors.js
FN:8,getAnchors
FN:10,(anonymous_2)
FN:16,(anonymous_3)
FN:31,(anonymous_4)
FNF:4
FNH:0
FNDA:0,getAnchors
FNDA:0,(anonymous_2)
FNDA:0,(anonymous_3)
FNDA:0,(anonymous_4)
DA:5,1
DA:6,1
DA:8,1
DA:10,0
DA:12,0
DA:14,0
DA:16,0
DA:18,0
DA:20,0
DA:26,0
DA:31,1
DA:33,0
LF:12
LH:4
BRDA:18,1,0,0
BRDA:18,1,1,0
BRF:2
BRH:0
end_of_record
