TN:
SF:/home/armin/WebstormProjects/einzelnd/modules/css.js
FN:12,inlineCSS
FN:14,(anonymous_2)
FN:17,(anonymous_3)
FN:26,(anonymous_4)
FN:32,(anonymous_5)
FN:38,(anonymous_6)
FN:52,inlineAllCSS
FN:54,(anonymous_8)
FN:59,(anonymous_9)
FN:70,(anonymous_10)
FN:75,(anonymous_11)
FN:82,(anonymous_12)
FN:103,(anonymous_13)
FNF:13
FNH:13
FNDA:2,inlineCSS
FNDA:2,(anonymous_2)
FNDA:2,(anonymous_3)
FNDA:1,(anonymous_4)
FNDA:1,(anonymous_5)
FNDA:2,(anonymous_6)
FNDA:2,inlineAllCSS
FNDA:2,(anonymous_8)
FNDA:1,(anonymous_9)
FNDA:1,(anonymous_10)
FNDA:1,(anonymous_11)
FNDA:2,(anonymous_12)
FNDA:2,(anonymous_13)
DA:7,1
DA:8,1
DA:9,1
DA:10,1
DA:12,1
DA:14,2
DA:16,2
DA:19,2
DA:20,2
DA:21,2
DA:22,2
DA:23,2
DA:24,2
DA:26,2
DA:28,1
DA:29,1
DA:30,1
DA:31,1
DA:33,1
DA:34,1
DA:40,2
DA:41,2
DA:52,1
DA:54,2
DA:56,2
DA:57,2
DA:59,2
DA:61,1
DA:62,1
DA:63,1
DA:64,1
DA:68,2
DA:70,2
DA:72,1
DA:74,1
DA:77,1
DA:78,1
DA:84,2
DA:85,2
DA:86,2
DA:87,2
DA:103,1
DA:105,2
LF:43
LH:43
BRF:0
BRH:0
end_of_record
TN:
SF:/home/armin/WebstormProjects/einzelnd/modules/helpers.js
FN:15,(anonymous_1)
FN:17,(anonymous_2)
FN:18,(anonymous_3)
FN:34,(anonymous_4)
FN:49,(anonymous_5)
FN:64,(anonymous_6)
FN:74,(anonymous_7)
FN:78,(anonymous_8)
FNF:8
FNH:8
FNDA:8,(anonymous_1)
FNDA:8,(anonymous_2)
FNDA:8,(anonymous_3)
FNDA:3,(anonymous_4)
FNDA:3,(anonymous_5)
FNDA:1,(anonymous_6)
FNDA:1,(anonymous_7)
FNDA:1,(anonymous_8)
DA:4,1
DA:5,1
DA:6,1
DA:8,1
DA:15,1
DA:17,8
DA:18,8
DA:20,8
DA:21,1
DA:22,1
DA:25,7
DA:26,7
DA:27,7
DA:34,1
DA:36,3
DA:37,3
DA:39,3
DA:41,4
DA:45,3
DA:49,1
DA:51,3
DA:52,3
DA:54,3
DA:56,1
DA:60,3
DA:64,1
DA:66,1
DA:67,1
DA:68,1
DA:70,1
DA:74,1
DA:76,1
DA:78,1
DA:80,1
DA:81,1
DA:82,1
DA:86,1
LF:37
LH:37
BRDA:20,1,0,1
BRDA:20,1,1,7
BRDA:54,2,0,1
BRDA:54,2,1,2
BRF:4
BRH:4
end_of_record
TN:
SF:/home/armin/WebstormProjects/einzelnd/modules/get.js
FN:21,getPage
FN:25,(anonymous_2)
FN:36,(anonymous_3)
FN:41,(anonymous_4)
FN:46,(anonymous_5)
FN:51,(anonymous_6)
FN:56,(anonymous_7)
FN:66,(anonymous_8)
FNF:8
FNH:8
FNDA:1,getPage
FNDA:1,(anonymous_2)
FNDA:1,(anonymous_3)
FNDA:1,(anonymous_4)
FNDA:1,(anonymous_5)
FNDA:1,(anonymous_6)
FNDA:1,(anonymous_7)
FNDA:1,(anonymous_8)
DA:7,1
DA:8,1
DA:9,1
DA:10,1
DA:11,1
DA:12,1
DA:21,1
DA:23,1
DA:25,1
DA:27,1
DA:28,1
DA:29,1
DA:31,1
DA:33,1
DA:35,1
DA:38,1
DA:43,1
DA:48,1
DA:53,1
DA:58,1
DA:66,1
DA:68,1
LF:22
LH:22
BRF:0
BRH:0
end_of_record
TN:
SF:/home/armin/WebstormProjects/einzelnd/modules/scripttags.js
FN:13,inlineScripts
FN:15,(anonymous_2)
FN:20,(anonymous_3)
FN:37,(anonymous_4)
FN:42,(anonymous_5)
FN:49,(anonymous_6)
FN:61,(anonymous_7)
FNF:7
FNH:7
FNDA:2,inlineScripts
FNDA:2,(anonymous_2)
FNDA:1,(anonymous_3)
FNDA:1,(anonymous_4)
FNDA:1,(anonymous_5)
FNDA:2,(anonymous_6)
FNDA:2,(anonymous_7)
DA:7,1
DA:8,1
DA:9,1
DA:10,1
DA:13,1
DA:15,2
DA:17,2
DA:18,2
DA:20,2
DA:22,1
DA:24,1
DA:25,1
DA:26,1
DA:27,1
DA:33,2
DA:35,2
DA:37,2
DA:39,1
DA:41,1
DA:44,1
DA:45,1
DA:51,2
DA:52,2
DA:53,2
DA:54,2
DA:61,1
DA:62,2
LF:27
LH:27
BRDA:22,1,0,1
BRDA:22,1,1,0
BRF:2
BRH:1
end_of_record
TN:
SF:/home/armin/WebstormProjects/einzelnd/modules/media.js
FN:14,processMedia
FN:16,(anonymous_2)
FN:21,(anonymous_3)
FN:36,(anonymous_4)
FN:41,(anonymous_5)
FN:48,(anonymous_6)
FN:61,(anonymous_7)
FN:70,(anonymous_8)
FNF:8
FNH:8
FNDA:3,processMedia
FNDA:3,(anonymous_2)
FNDA:2,(anonymous_3)
FNDA:1,(anonymous_4)
FNDA:1,(anonymous_5)
FNDA:1,(anonymous_6)
FNDA:3,(anonymous_7)
FNDA:3,(anonymous_8)
DA:7,1
DA:8,1
DA:9,1
DA:10,1
DA:11,1
DA:12,1
DA:14,1
DA:16,3
DA:18,3
DA:19,3
DA:21,3
DA:23,2
DA:25,1
DA:26,1
DA:27,1
DA:28,1
DA:34,3
DA:36,3
DA:38,1
DA:40,1
DA:43,1
DA:44,1
DA:46,1
DA:48,1
DA:50,1
DA:54,1
DA:55,1
DA:57,1
DA:63,3
DA:70,1
DA:72,3
LF:31
LH:31
BRDA:23,1,0,1
BRDA:23,1,1,1
BRF:2
BRH:2
end_of_record
TN:
SF:/home/armin/WebstormProjects/einzelnd/modules/site.js
FN:14,generateScript
FN:16,(anonymous_2)
FN:130,recursiveGetPage
FN:132,(anonymous_4)
FN:135,(anonymous_5)
FN:149,(anonymous_6)
FN:167,(anonymous_7)
FN:169,(anonymous_8)
FN:178,(anonymous_9)
FN:188,(anonymous_10)
FN:190,(anonymous_11)
FN:194,(anonymous_12)
FN:201,(anonymous_13)
FNF:13
FNH:0
FNDA:0,generateScript
FNDA:0,(anonymous_2)
FNDA:0,recursiveGetPage
FNDA:0,(anonymous_4)
FNDA:0,(anonymous_5)
FNDA:0,(anonymous_6)
FNDA:0,(anonymous_7)
FNDA:0,(anonymous_8)
FNDA:0,(anonymous_9)
FNDA:0,(anonymous_10)
FNDA:0,(anonymous_11)
FNDA:0,(anonymous_12)
FNDA:0,(anonymous_13)
DA:7,1
DA:8,1
DA:9,1
DA:11,1
DA:12,1
DA:14,1
DA:16,0
DA:18,0
DA:20,0
DA:27,0
DA:28,0
DA:30,0
DA:31,0
DA:35,0
DA:40,0
DA:47,0
DA:48,0
DA:50,0
DA:130,1
DA:132,0
DA:134,0
DA:137,0
DA:139,0
DA:141,0
DA:145,0
DA:147,0
DA:149,0
DA:151,0
DA:153,0
DA:154,0
DA:156,0
DA:164,0
DA:165,0
DA:167,0
DA:168,0
DA:170,0
DA:171,0
DA:172,0
DA:175,0
DA:180,0
DA:188,1
DA:190,0
DA:193,0
DA:196,0
DA:197,0
DA:199,0
DA:200,0
DA:203,0
LF:48
LH:8
BRDA:28,1,0,0
BRDA:28,1,1,0
BRDA:139,2,0,0
BRDA:139,2,1,0
BRDA:151,3,0,0
BRDA:151,3,1,0
BRDA:154,4,0,0
BRDA:154,4,1,0
BRDA:171,5,0,0
BRDA:171,5,1,0
BRF:10
BRH:0
end_of_record
